2025-10-15 21:14:59,491 - INFO - ✅ База данных инициализирована
2025-10-15 21:14:59,496 - INFO - 🚀 Запуск сервера шумовых карт...
2025-10-15 21:14:59,496 - INFO - Для остановки нажмите Ctrl+C
2025-10-15 21:14:59,504 - INFO - ✅ Подключение к MQTT брокеру установлено
2025-10-15 21:14:59,505 - INFO - 📡 Подписан на тему: noise/map/data
2025-10-15 21:18:12,297 - ERROR - ❌ Ошибка парсинга JSON: Expecting property name enclosed in double quotes: line 1 column 2 (char 1)
2025-10-15 21:18:18,441 - ERROR - ❌ Ошибка парсинга JSON: Expecting property name enclosed in double quotes: line 1 column 2 (char 1)
2025-10-15 21:27:14,503 - ERROR - ❌ Ошибка парсинга JSON: Expecting property name enclosed in double quotes: line 1 column 2 (char 1)
2025-10-15 21:30:54,608 - ERROR - ❌ Ошибка парсинга JSON: Expecting value: line 1 column 1 (char 0)
2025-10-15 21:31:23,374 - ERROR - ❌ Ошибка парсинга JSON: Expecting value: line 1 column 1 (char 0)
2025-10-15 21:33:05,278 - ERROR - ❌ Ошибка парсинга JSON: Expecting value: line 1 column 1 (char 0)
2025-10-15 21:35:33,093 - ERROR - ❌ Ошибка парсинга JSON: Expecting value: line 1 column 1 (char 0)
2025-10-15 21:35:42,437 - ERROR - ❌ Ошибка парсинга JSON: Expecting property name enclosed in double quotes: line 1 column 2 (char 1)
2025-10-15 21:42:23,741 - INFO - ✅ База данных инициализирована
2025-10-15 21:42:23,746 - INFO - 🚀 Запуск сервера шумовых карт...
2025-10-15 21:42:23,747 - INFO - Для остановки нажмите Ctrl+C
2025-10-15 21:42:23,772 - INFO - ✅ Подключение к MQTT брокеру установлено
2025-10-15 21:42:23,773 - INFO - 📡 Подписан на тему: noise/map/data
2025-10-15 21:43:09,196 - INFO - 🛑 Остановка сервера...
2025-10-15 21:43:12,690 - INFO - ✅ База данных инициализирована
2025-10-15 21:43:12,694 - INFO - 🚀 Запуск сервера шумовых карт...
2025-10-15 21:43:12,694 - INFO - Для остановки нажмите Ctrl+C
2025-10-15 21:43:12,702 - INFO - ✅ Подключение к MQTT брокеру установлено
2025-10-15 21:43:12,702 - INFO - 📡 Подписан на тему: noise/map/data
2025-10-15 21:44:49,748 - ERROR - ❌ Ошибка парсинга JSON: Expecting value: line 1 column 1 (char 0)
2025-10-15 21:47:16,515 - INFO - 📨 Получены данные от esp_test_01
2025-10-15 21:47:16,550 - INFO - 💾 Данные сохранены: esp_test_01 - 65.5 дБ
2025-10-16 00:32:27,732 - INFO - ✅ Подключение к MQTT брокеру установлено
2025-10-16 00:32:27,734 - INFO - 📡 Подписан на тему: noise/map/data
